2025-03-15 12:08:18 | User: abdullah | File/Action: Disk Imaging Started | Disk Image: ZZZ.img | Details: Device: /dev/disk4, Output: /Users/abdullah/MOON/ZZZ.img
2025-03-15 12:09:15 | User: abdullah | File/Action: Disk Imaging Started | Disk Image: ZZZ.img | Details: Device: /dev/disk4, Output: /Users/abdullah/MOON/ZZZ.img
2025-03-15 12:09:26 | User: abdullah | File/Action: Disk Imaging Failed | Details: Error: cannot access local variable 'progress' where it is not associated with a value
2025-03-15 12:10:24 | User: abdullah | File/Action: Disk Imaging Started | Disk Image: zzz.img | Details: Device: /dev/disk4, Output: /Users/abdullah/MOON/zzz.img
2025-03-15 12:10:42 | User: abdullah | File/Action: Disk Imaging Failed | Details: Error: cannot access local variable 'progress' where it is not associated with a value
2025-03-15 12:15:44 | User: abdullah | File/Action: Disk Imaging Started | Disk Image: zzz.img | Details: Device: /dev/disk4, Output: /Users/abdullah/MOON/zzz.img
2025-03-15 12:15:44 | User: abdullah | File/Action: Disk Imaging Failed | Details: Error: [Errno 2] No such file or directory: 'pkexec'
2025-03-15 12:18:43 | User: abdullah | File/Action: Disk Imaging Started | Disk Image: zzz.img | Details: Device: /dev/disk4, Output: /Users/abdullah/MOON/zzz.img
2025-03-15 12:28:13 | User: abdullah | File/Action: Disk Imaging Started | Disk Image: zzzz.img | Details: Device: /dev/disk4, Output: /Users/abdullah/MOON/zzzz.img
2025-03-15 12:28:30 | User: abdullah | File/Action: Disk Imaging Failed | Details: Error: dd command failed with return code 1: 
2025-03-15 12:31:55 | User: abdullah | File/Action: Disk Imaging Started | Disk Image: zzz.img | Details: Device: /dev/disk4, Output: /Users/abdullah/MOON/zzz.img
2025-03-15 12:32:02 | User: abdullah | File/Action: Disk Imaging Failed | Details: Error: cannot access local variable 'progress' where it is not associated with a value
2025-03-15 12:35:24 | User: abdullah | File/Action: Disk Imaging Started | Disk Image: zzzz.img | Details: Device: /dev/disk4, Output: /Users/abdullah/MOON/zzzz.img
2025-03-15 12:35:31 | User: abdullah | File/Action: Disk Imaging Started | Disk Image: zzzz.img | Details: Device: /dev/disk4, Output: /Users/abdullah/MOON/zzzz.img
2025-03-15 12:38:17 | User: abdullah | File/Action: Disk Imaging Started | Disk Image: zzzz.img | Details: Device: /dev/disk4, Output: /Users/abdullah/MOON/zzzz.img
2025-03-15 12:38:22 | User: abdullah | File/Action: Disk Imaging Failed | Details: Error: cannot access local variable 'progress' where it is not associated with a value
2025-03-15 12:39:58 | User: abdullah | File/Action: Disk Imaging Started | Disk Image: xxx.img | Details: Device: /dev/disk4, Output: /Users/abdullah/MOON/xxx.img
2025-03-15 12:40:18 | User: abdullah | File/Action: Disk Imaging Failed | Details: Error: cannot access local variable 'progress' where it is not associated with a value
2025-03-15 12:40:44 | User: abdullah | File/Action: Disk Imaging Started | Disk Image: xxx.img | Details: Device: /dev/disk4, Output: /Users/abdullah/MOON/xxx.img
2025-03-15 12:41:19 | User: abdullah | File/Action: Disk Imaging Started | Disk Image: xxx.img | Details: Device: /dev/disk4, Output: /Users/abdullah/MOON/xxx.img
2025-03-15 12:41:27 | User: abdullah | File/Action: Disk Imaging Failed | Details: Error: cannot access local variable 'progress' where it is not associated with a value
2025-03-15 12:41:45 | User: abdullah | File/Action: Disk Imaging Started | Disk Image: xxx.img | Details: Device: /dev/disk4, Output: /Users/abdullah/MOON/xxx.img
2025-03-15 12:42:01 | User: abdullah | File/Action: Disk Imaging Started | Disk Image: ccc.img | Details: Device: /dev/disk4, Output: /Users/abdullah/MOON/ccc.img
2025-03-15 12:42:23 | User: abdullah | File/Action: Disk Imaging Started | Disk Image: xxxxxx.img | Details: Device: /dev/disk4, Output: /Users/abdullah/MOON/xxxxxx.img
2025-03-15 12:42:29 | User: abdullah | File/Action: Disk Imaging Failed | Details: Error: cannot access local variable 'progress' where it is not associated with a value
2025-03-15 12:46:49 | User: abdullah | File/Action: Disk Imaging Started | Disk Image: zzz.img | Details: Device: /dev/disk4, Output: /Users/abdullah/MOON/zzz.img
2025-03-15 12:52:16 | User: abdullah | File/Action: Disk Imaging Started | Disk Image: xxxx.img | Details: Device: /dev/disk4, Output: /Users/abdullah/MOON/xxxx.img
